DEB [20190615-12:57:53.098] thr=1   paramiko.transport: starting thread (client mode): 0x27c1da0
DEB [20190615-12:57:53.098] thr=1   paramiko.transport: Local version/idstring: SSH-2.0-paramiko_2.4.2
DEB [20190615-12:57:53.192] thr=1   paramiko.transport: Remote version/idstring: SSH-2.0-OpenSSH_7.4p1 Raspbian-10+deb9u6
INF [20190615-12:57:53.193] thr=1   paramiko.transport: Connected (version 2.0, client OpenSSH_7.4p1)
DEB [20190615-12:57:53.198] thr=1   paramiko.transport: kex algos:['curve25519-sha256', 'curve25519-sha256@libssh.org', 'ecdh-sha2-nistp256', 'ecdh-sha2-nistp384', 'ecdh-sha2-nistp521', 'diffie-hellman-group-exchange-sha256', 'diffie-hellman-group16-sha512', 'diffie-hellman-group18-sha512', 'diffie-hellman-group14-sha256', 'diffie-hellman-group14-sha1'] server key:['ssh-rsa', 'rsa-sha2-512', 'rsa-sha2-256', 'ecdsa-sha2-nistp256', 'ssh-ed25519'] client encrypt:['chacha20-poly1305@openssh.com', 'aes128-ctr', 'aes192-ctr', 'aes256-ctr', 'aes128-gcm@openssh.com', 'aes256-gcm@openssh.com'] server encrypt:['chacha20-poly1305@openssh.com', 'aes128-ctr', 'aes192-ctr', 'aes256-ctr', 'aes128-gcm@openssh.com', 'aes256-gcm@openssh.com'] client mac:['umac-64-etm@openssh.com', 'umac-128-etm@openssh.com', 'hmac-sha2-256-etm@openssh.com', 'hmac-sha2-512-etm@openssh.com', 'hmac-sha1-etm@openssh.com', 'umac-64@openssh.com', 'umac-128@openssh.com', 'hmac-sha2-256', 'hmac-sha2-512', 'hmac-sha1'] server mac:['umac-64-etm@openssh.com', 'umac-128-etm@openssh.com', 'hmac-sha2-256-etm@openssh.com', 'hmac-sha2-512-etm@openssh.com', 'hmac-sha1-etm@openssh.com', 'umac-64@openssh.com', 'umac-128@openssh.com', 'hmac-sha2-256', 'hmac-sha2-512', 'hmac-sha1'] client compress:['none', 'zlib@openssh.com'] server compress:['none', 'zlib@openssh.com'] client lang:[''] server lang:[''] kex follows?False
DEB [20190615-12:57:53.198] thr=1   paramiko.transport: Kex agreed: ecdh-sha2-nistp256
DEB [20190615-12:57:53.198] thr=1   paramiko.transport: HostKey agreed: ssh-ed25519
DEB [20190615-12:57:53.198] thr=1   paramiko.transport: Cipher agreed: aes128-ctr
DEB [20190615-12:57:53.199] thr=1   paramiko.transport: MAC agreed: hmac-sha2-256
DEB [20190615-12:57:53.199] thr=1   paramiko.transport: Compression agreed: none
DEB [20190615-12:57:53.269] thr=1   paramiko.transport: kex engine KexNistp256 specified hash_algo <built-in function openssl_sha256>
DEB [20190615-12:57:53.270] thr=1   paramiko.transport: Switch to new keys ...
DEB [20190615-12:57:53.270] thr=2   paramiko.transport: Adding ssh-ed25519 host key for twofast-RPi3-4: b'b10c8b758bbe19656d458cb34ad6b4df'
DEB [20190615-12:57:53.277] thr=1   paramiko.transport: userauth is OK
INF [20190615-12:57:53.419] thr=1   paramiko.transport: Authentication (password) successful!
DEB [20190615-12:57:53.419] thr=2   paramiko.transport: [chan 0] Max packet in: 32768 bytes
DEB [20190615-12:57:53.503] thr=1   paramiko.transport: Received global request "hostkeys-00@openssh.com"
DEB [20190615-12:57:53.503] thr=1   paramiko.transport: Rejecting "hostkeys-00@openssh.com" global request from server.
DEB [20190615-12:57:53.508] thr=1   paramiko.transport: [chan 0] Max packet out: 32768 bytes
DEB [20190615-12:57:53.508] thr=1   paramiko.transport: Secsh channel 0 opened.
DEB [20190615-12:57:53.520] thr=1   paramiko.transport: [chan 0] Sesch channel 0 request ok
DEB [20190615-12:57:53.527] thr=1   paramiko.transport: [chan 0] Sesch channel 0 request ok
DEB [20190615-13:00:26.362] thr=1   paramiko.transport: starting thread (client mode): 0x717dda0
DEB [20190615-13:00:26.362] thr=1   paramiko.transport: Local version/idstring: SSH-2.0-paramiko_2.4.2
DEB [20190615-13:00:26.437] thr=1   paramiko.transport: Remote version/idstring: SSH-2.0-OpenSSH_7.4p1 Raspbian-10+deb9u6
INF [20190615-13:00:26.437] thr=1   paramiko.transport: Connected (version 2.0, client OpenSSH_7.4p1)
DEB [20190615-13:00:26.442] thr=1   paramiko.transport: kex algos:['curve25519-sha256', 'curve25519-sha256@libssh.org', 'ecdh-sha2-nistp256', 'ecdh-sha2-nistp384', 'ecdh-sha2-nistp521', 'diffie-hellman-group-exchange-sha256', 'diffie-hellman-group16-sha512', 'diffie-hellman-group18-sha512', 'diffie-hellman-group14-sha256', 'diffie-hellman-group14-sha1'] server key:['ssh-rsa', 'rsa-sha2-512', 'rsa-sha2-256', 'ecdsa-sha2-nistp256', 'ssh-ed25519'] client encrypt:['chacha20-poly1305@openssh.com', 'aes128-ctr', 'aes192-ctr', 'aes256-ctr', 'aes128-gcm@openssh.com', 'aes256-gcm@openssh.com'] server encrypt:['chacha20-poly1305@openssh.com', 'aes128-ctr', 'aes192-ctr', 'aes256-ctr', 'aes128-gcm@openssh.com', 'aes256-gcm@openssh.com'] client mac:['umac-64-etm@openssh.com', 'umac-128-etm@openssh.com', 'hmac-sha2-256-etm@openssh.com', 'hmac-sha2-512-etm@openssh.com', 'hmac-sha1-etm@openssh.com', 'umac-64@openssh.com', 'umac-128@openssh.com', 'hmac-sha2-256', 'hmac-sha2-512', 'hmac-sha1'] server mac:['umac-64-etm@openssh.com', 'umac-128-etm@openssh.com', 'hmac-sha2-256-etm@openssh.com', 'hmac-sha2-512-etm@openssh.com', 'hmac-sha1-etm@openssh.com', 'umac-64@openssh.com', 'umac-128@openssh.com', 'hmac-sha2-256', 'hmac-sha2-512', 'hmac-sha1'] client compress:['none', 'zlib@openssh.com'] server compress:['none', 'zlib@openssh.com'] client lang:[''] server lang:[''] kex follows?False
DEB [20190615-13:00:26.442] thr=1   paramiko.transport: Kex agreed: ecdh-sha2-nistp256
DEB [20190615-13:00:26.442] thr=1   paramiko.transport: HostKey agreed: ssh-ed25519
DEB [20190615-13:00:26.442] thr=1   paramiko.transport: Cipher agreed: aes128-ctr
DEB [20190615-13:00:26.442] thr=1   paramiko.transport: MAC agreed: hmac-sha2-256
DEB [20190615-13:00:26.442] thr=1   paramiko.transport: Compression agreed: none
DEB [20190615-13:00:26.474] thr=1   paramiko.transport: kex engine KexNistp256 specified hash_algo <built-in function openssl_sha256>
DEB [20190615-13:00:26.475] thr=1   paramiko.transport: Switch to new keys ...
DEB [20190615-13:00:26.475] thr=2   paramiko.transport: Adding ssh-ed25519 host key for twofast-RPi3-4: b'b10c8b758bbe19656d458cb34ad6b4df'
DEB [20190615-13:00:26.527] thr=1   paramiko.transport: userauth is OK
INF [20190615-13:00:26.624] thr=1   paramiko.transport: Authentication (password) successful!
DEB [20190615-13:00:26.625] thr=2   paramiko.transport: [chan 0] Max packet in: 32768 bytes
DEB [20190615-13:00:26.697] thr=1   paramiko.transport: Received global request "hostkeys-00@openssh.com"
DEB [20190615-13:00:26.697] thr=1   paramiko.transport: Rejecting "hostkeys-00@openssh.com" global request from server.
DEB [20190615-13:00:26.703] thr=1   paramiko.transport: [chan 0] Max packet out: 32768 bytes
DEB [20190615-13:00:26.703] thr=1   paramiko.transport: Secsh channel 0 opened.
DEB [20190615-13:00:26.712] thr=1   paramiko.transport: [chan 0] Sesch channel 0 request ok
DEB [20190615-13:00:26.716] thr=1   paramiko.transport: [chan 0] Sesch channel 0 request ok
DEB [20190615-13:10:23.601] thr=1   paramiko.transport: starting thread (client mode): 0x742ecc0
DEB [20190615-13:10:23.602] thr=1   paramiko.transport: Local version/idstring: SSH-2.0-paramiko_2.4.2
DEB [20190615-13:10:23.677] thr=1   paramiko.transport: Remote version/idstring: SSH-2.0-OpenSSH_7.4p1 Raspbian-10+deb9u6
INF [20190615-13:10:23.677] thr=1   paramiko.transport: Connected (version 2.0, client OpenSSH_7.4p1)
DEB [20190615-13:10:23.683] thr=1   paramiko.transport: kex algos:['curve25519-sha256', 'curve25519-sha256@libssh.org', 'ecdh-sha2-nistp256', 'ecdh-sha2-nistp384', 'ecdh-sha2-nistp521', 'diffie-hellman-group-exchange-sha256', 'diffie-hellman-group16-sha512', 'diffie-hellman-group18-sha512', 'diffie-hellman-group14-sha256', 'diffie-hellman-group14-sha1'] server key:['ssh-rsa', 'rsa-sha2-512', 'rsa-sha2-256', 'ecdsa-sha2-nistp256', 'ssh-ed25519'] client encrypt:['chacha20-poly1305@openssh.com', 'aes128-ctr', 'aes192-ctr', 'aes256-ctr', 'aes128-gcm@openssh.com', 'aes256-gcm@openssh.com'] server encrypt:['chacha20-poly1305@openssh.com', 'aes128-ctr', 'aes192-ctr', 'aes256-ctr', 'aes128-gcm@openssh.com', 'aes256-gcm@openssh.com'] client mac:['umac-64-etm@openssh.com', 'umac-128-etm@openssh.com', 'hmac-sha2-256-etm@openssh.com', 'hmac-sha2-512-etm@openssh.com', 'hmac-sha1-etm@openssh.com', 'umac-64@openssh.com', 'umac-128@openssh.com', 'hmac-sha2-256', 'hmac-sha2-512', 'hmac-sha1'] server mac:['umac-64-etm@openssh.com', 'umac-128-etm@openssh.com', 'hmac-sha2-256-etm@openssh.com', 'hmac-sha2-512-etm@openssh.com', 'hmac-sha1-etm@openssh.com', 'umac-64@openssh.com', 'umac-128@openssh.com', 'hmac-sha2-256', 'hmac-sha2-512', 'hmac-sha1'] client compress:['none', 'zlib@openssh.com'] server compress:['none', 'zlib@openssh.com'] client lang:[''] server lang:[''] kex follows?False
DEB [20190615-13:10:23.683] thr=1   paramiko.transport: Kex agreed: ecdh-sha2-nistp256
DEB [20190615-13:10:23.683] thr=1   paramiko.transport: HostKey agreed: ssh-ed25519
DEB [20190615-13:10:23.683] thr=1   paramiko.transport: Cipher agreed: aes128-ctr
DEB [20190615-13:10:23.683] thr=1   paramiko.transport: MAC agreed: hmac-sha2-256
DEB [20190615-13:10:23.684] thr=1   paramiko.transport: Compression agreed: none
DEB [20190615-13:10:23.718] thr=1   paramiko.transport: kex engine KexNistp256 specified hash_algo <built-in function openssl_sha256>
DEB [20190615-13:10:23.718] thr=1   paramiko.transport: Switch to new keys ...
DEB [20190615-13:10:23.719] thr=2   paramiko.transport: Adding ssh-ed25519 host key for twofast-RPi3-4: b'b10c8b758bbe19656d458cb34ad6b4df'
DEB [20190615-13:10:23.769] thr=1   paramiko.transport: userauth is OK
INF [20190615-13:10:23.866] thr=1   paramiko.transport: Authentication (password) successful!
DEB [20190615-13:10:23.866] thr=2   paramiko.transport: [chan 0] Max packet in: 32768 bytes
DEB [20190615-13:10:23.939] thr=1   paramiko.transport: Received global request "hostkeys-00@openssh.com"
DEB [20190615-13:10:23.939] thr=1   paramiko.transport: Rejecting "hostkeys-00@openssh.com" global request from server.
DEB [20190615-13:10:23.945] thr=1   paramiko.transport: [chan 0] Max packet out: 32768 bytes
DEB [20190615-13:10:23.945] thr=1   paramiko.transport: Secsh channel 0 opened.
DEB [20190615-13:10:23.953] thr=1   paramiko.transport: [chan 0] Sesch channel 0 request ok
DEB [20190615-13:10:23.959] thr=1   paramiko.transport: [chan 0] Sesch channel 0 request ok
DEB [20190615-13:11:12.470] thr=1   paramiko.transport: starting thread (client mode): 0xcad7da0
DEB [20190615-13:11:12.470] thr=1   paramiko.transport: Local version/idstring: SSH-2.0-paramiko_2.4.2
DEB [20190615-13:11:12.545] thr=1   paramiko.transport: Remote version/idstring: SSH-2.0-OpenSSH_7.4p1 Raspbian-10+deb9u6
INF [20190615-13:11:12.546] thr=1   paramiko.transport: Connected (version 2.0, client OpenSSH_7.4p1)
DEB [20190615-13:11:12.553] thr=1   paramiko.transport: kex algos:['curve25519-sha256', 'curve25519-sha256@libssh.org', 'ecdh-sha2-nistp256', 'ecdh-sha2-nistp384', 'ecdh-sha2-nistp521', 'diffie-hellman-group-exchange-sha256', 'diffie-hellman-group16-sha512', 'diffie-hellman-group18-sha512', 'diffie-hellman-group14-sha256', 'diffie-hellman-group14-sha1'] server key:['ssh-rsa', 'rsa-sha2-512', 'rsa-sha2-256', 'ecdsa-sha2-nistp256', 'ssh-ed25519'] client encrypt:['chacha20-poly1305@openssh.com', 'aes128-ctr', 'aes192-ctr', 'aes256-ctr', 'aes128-gcm@openssh.com', 'aes256-gcm@openssh.com'] server encrypt:['chacha20-poly1305@openssh.com', 'aes128-ctr', 'aes192-ctr', 'aes256-ctr', 'aes128-gcm@openssh.com', 'aes256-gcm@openssh.com'] client mac:['umac-64-etm@openssh.com', 'umac-128-etm@openssh.com', 'hmac-sha2-256-etm@openssh.com', 'hmac-sha2-512-etm@openssh.com', 'hmac-sha1-etm@openssh.com', 'umac-64@openssh.com', 'umac-128@openssh.com', 'hmac-sha2-256', 'hmac-sha2-512', 'hmac-sha1'] server mac:['umac-64-etm@openssh.com', 'umac-128-etm@openssh.com', 'hmac-sha2-256-etm@openssh.com', 'hmac-sha2-512-etm@openssh.com', 'hmac-sha1-etm@openssh.com', 'umac-64@openssh.com', 'umac-128@openssh.com', 'hmac-sha2-256', 'hmac-sha2-512', 'hmac-sha1'] client compress:['none', 'zlib@openssh.com'] server compress:['none', 'zlib@openssh.com'] client lang:[''] server lang:[''] kex follows?False
DEB [20190615-13:11:12.553] thr=1   paramiko.transport: Kex agreed: ecdh-sha2-nistp256
DEB [20190615-13:11:12.553] thr=1   paramiko.transport: HostKey agreed: ssh-ed25519
DEB [20190615-13:11:12.553] thr=1   paramiko.transport: Cipher agreed: aes128-ctr
DEB [20190615-13:11:12.553] thr=1   paramiko.transport: MAC agreed: hmac-sha2-256
DEB [20190615-13:11:12.553] thr=1   paramiko.transport: Compression agreed: none
DEB [20190615-13:11:12.601] thr=1   paramiko.transport: kex engine KexNistp256 specified hash_algo <built-in function openssl_sha256>
DEB [20190615-13:11:12.601] thr=1   paramiko.transport: Switch to new keys ...
DEB [20190615-13:11:12.602] thr=2   paramiko.transport: Adding ssh-ed25519 host key for twofast-RPi3-4: b'b10c8b758bbe19656d458cb34ad6b4df'
DEB [20190615-13:11:12.611] thr=1   paramiko.transport: userauth is OK
INF [20190615-13:11:12.710] thr=1   paramiko.transport: Authentication (password) successful!
DEB [20190615-13:11:12.710] thr=2   paramiko.transport: [chan 0] Max packet in: 32768 bytes
DEB [20190615-13:11:12.782] thr=1   paramiko.transport: Received global request "hostkeys-00@openssh.com"
DEB [20190615-13:11:12.782] thr=1   paramiko.transport: Rejecting "hostkeys-00@openssh.com" global request from server.
DEB [20190615-13:11:12.787] thr=1   paramiko.transport: [chan 0] Max packet out: 32768 bytes
DEB [20190615-13:11:12.787] thr=1   paramiko.transport: Secsh channel 0 opened.
DEB [20190615-13:11:12.793] thr=1   paramiko.transport: [chan 0] Sesch channel 0 request ok
DEB [20190615-13:21:03.020] thr=1   paramiko.transport: starting thread (client mode): 0x44b4d30
DEB [20190615-13:21:03.020] thr=1   paramiko.transport: Local version/idstring: SSH-2.0-paramiko_2.4.2
DEB [20190615-13:21:03.096] thr=1   paramiko.transport: Remote version/idstring: SSH-2.0-OpenSSH_7.4p1 Raspbian-10+deb9u6
INF [20190615-13:21:03.096] thr=1   paramiko.transport: Connected (version 2.0, client OpenSSH_7.4p1)
DEB [20190615-13:21:03.102] thr=1   paramiko.transport: kex algos:['curve25519-sha256', 'curve25519-sha256@libssh.org', 'ecdh-sha2-nistp256', 'ecdh-sha2-nistp384', 'ecdh-sha2-nistp521', 'diffie-hellman-group-exchange-sha256', 'diffie-hellman-group16-sha512', 'diffie-hellman-group18-sha512', 'diffie-hellman-group14-sha256', 'diffie-hellman-group14-sha1'] server key:['ssh-rsa', 'rsa-sha2-512', 'rsa-sha2-256', 'ecdsa-sha2-nistp256', 'ssh-ed25519'] client encrypt:['chacha20-poly1305@openssh.com', 'aes128-ctr', 'aes192-ctr', 'aes256-ctr', 'aes128-gcm@openssh.com', 'aes256-gcm@openssh.com'] server encrypt:['chacha20-poly1305@openssh.com', 'aes128-ctr', 'aes192-ctr', 'aes256-ctr', 'aes128-gcm@openssh.com', 'aes256-gcm@openssh.com'] client mac:['umac-64-etm@openssh.com', 'umac-128-etm@openssh.com', 'hmac-sha2-256-etm@openssh.com', 'hmac-sha2-512-etm@openssh.com', 'hmac-sha1-etm@openssh.com', 'umac-64@openssh.com', 'umac-128@openssh.com', 'hmac-sha2-256', 'hmac-sha2-512', 'hmac-sha1'] server mac:['umac-64-etm@openssh.com', 'umac-128-etm@openssh.com', 'hmac-sha2-256-etm@openssh.com', 'hmac-sha2-512-etm@openssh.com', 'hmac-sha1-etm@openssh.com', 'umac-64@openssh.com', 'umac-128@openssh.com', 'hmac-sha2-256', 'hmac-sha2-512', 'hmac-sha1'] client compress:['none', 'zlib@openssh.com'] server compress:['none', 'zlib@openssh.com'] client lang:[''] server lang:[''] kex follows?False
DEB [20190615-13:21:03.103] thr=1   paramiko.transport: Kex agreed: ecdh-sha2-nistp256
DEB [20190615-13:21:03.103] thr=1   paramiko.transport: HostKey agreed: ssh-ed25519
DEB [20190615-13:21:03.103] thr=1   paramiko.transport: Cipher agreed: aes128-ctr
DEB [20190615-13:21:03.103] thr=1   paramiko.transport: MAC agreed: hmac-sha2-256
DEB [20190615-13:21:03.103] thr=1   paramiko.transport: Compression agreed: none
DEB [20190615-13:21:03.151] thr=1   paramiko.transport: kex engine KexNistp256 specified hash_algo <built-in function openssl_sha256>
DEB [20190615-13:21:03.151] thr=1   paramiko.transport: Switch to new keys ...
DEB [20190615-13:21:03.152] thr=2   paramiko.transport: Adding ssh-ed25519 host key for twofast-RPi3-4: b'b10c8b758bbe19656d458cb34ad6b4df'
DEB [20190615-13:21:03.160] thr=1   paramiko.transport: userauth is OK
INF [20190615-13:21:03.257] thr=1   paramiko.transport: Authentication (password) successful!
DEB [20190615-13:21:03.258] thr=2   paramiko.transport: [chan 0] Max packet in: 32768 bytes
DEB [20190615-13:21:03.331] thr=1   paramiko.transport: Received global request "hostkeys-00@openssh.com"
DEB [20190615-13:21:03.332] thr=1   paramiko.transport: Rejecting "hostkeys-00@openssh.com" global request from server.
DEB [20190615-13:21:03.337] thr=1   paramiko.transport: [chan 0] Max packet out: 32768 bytes
DEB [20190615-13:21:03.337] thr=1   paramiko.transport: Secsh channel 0 opened.
DEB [20190615-13:21:03.342] thr=1   paramiko.transport: [chan 0] Sesch channel 0 request ok
